[10мая2025 06:47:03.674] [Server console handler/ERROR] [net.minecraft.server.dedicated.DedicatedServer/]: Caught previously unhandled exception :
java.io.IOError: java.io.IOException: Cannot run program "stty": error=0, Failed to exec spawn helper: pid: 113819, exit value: 1
	at org.jline.terminal.impl.AbstractPosixTerminal.setAttributes(AbstractPosixTerminal.java:54) ~[jline-terminal-3.12.1.jar%2362!/:?]
	at org.jline.reader.impl.LineReaderImpl.readLine(LineReaderImpl.java:650) ~[jline-reader-3.12.1.jar%2361!/:?]
	at org.jline.reader.impl.LineReaderImpl.readLine(LineReaderImpl.java:418) ~[jline-reader-3.12.1.jar%2361!/:?]
	at net.minecraftforge.server.console.TerminalHandler.handleCommands(TerminalHandler.java:46) ~[forge-1.19.2-43.4.0-universal.jar%23280!/:?]
	at net.minecraft.server.dedicated.DedicatedServer$1.run(DedicatedServer.java:85) ~[server-1.19.2-20220805.130853-srg.jar%23275!/:?]
Caused by: java.io.IOException: Cannot run program "stty": error=0, Failed to exec spawn helper: pid: 113819, exit value: 1
	at java.lang.ProcessBuilder.start(ProcessBuilder.java:1143) ~[?:?]
	at java.lang.ProcessBuilder.start(ProcessBuilder.java:1073) ~[?:?]
	at org.jline.utils.ExecHelper.exec(ExecHelper.java:35) ~[jline-terminal-3.12.1.jar%2362!/:?]
	at org.jline.terminal.impl.ExecPty.doGetConfig(ExecPty.java:175) ~[jline-terminal-3.12.1.jar%2362!/:?]
	at org.jline.terminal.impl.ExecPty.getAttr(ExecPty.java:87) ~[jline-terminal-3.12.1.jar%2362!/:?]
	at org.jline.terminal.impl.ExecPty.doSetAttr(ExecPty.java:93) ~[jline-terminal-3.12.1.jar%2362!/:?]
	at org.jline.terminal.impl.AbstractPty.setAttr(AbstractPty.java:29) ~[jline-terminal-3.12.1.jar%2362!/:?]
	at org.jline.terminal.impl.AbstractPosixTerminal.setAttributes(AbstractPosixTerminal.java:52) ~[jline-terminal-3.12.1.jar%2362!/:?]
	... 4 more
Caused by: java.io.IOException: error=0, Failed to exec spawn helper: pid: 113819, exit value: 1
	at java.lang.ProcessImpl.forkAndExec(Native Method) ~[?:?]
	at java.lang.ProcessImpl.<init>(ProcessImpl.java:314) ~[?:?]
	at java.lang.ProcessImpl.start(ProcessImpl.java:244) ~[?:?]
	at java.lang.ProcessBuilder.start(ProcessBuilder.java:1110) ~[?:?]
	at java.lang.ProcessBuilder.start(ProcessBuilder.java:1073) ~[?:?]
	at org.jline.utils.ExecHelper.exec(ExecHelper.java:35) ~[jline-terminal-3.12.1.jar%2362!/:?]
	at org.jline.terminal.impl.ExecPty.doGetConfig(ExecPty.java:175) ~[jline-terminal-3.12.1.jar%2362!/:?]
	at org.jline.terminal.impl.ExecPty.getAttr(ExecPty.java:87) ~[jline-terminal-3.12.1.jar%2362!/:?]
	at org.jline.terminal.impl.ExecPty.doSetAttr(ExecPty.java:93) ~[jline-terminal-3.12.1.jar%2362!/:?]
	at org.jline.terminal.impl.AbstractPty.setAttr(AbstractPty.java:29) ~[jline-terminal-3.12.1.jar%2362!/:?]
	at org.jline.terminal.impl.AbstractPosixTerminal.setAttributes(AbstractPosixTerminal.java:52) ~[jline-terminal-3.12.1.jar%2362!/:?]
	... 4 more
[10мая2025 06:47:03.802] [Server thread/INFO] [net.minecraft.server.MinecraftServer/]: Stopping server
[10мая2025 06:47:03.806] [Server thread/INFO] [net.minecraft.server.MinecraftServer/]: Saving players
[10мая2025 06:47:03.807] [Server thread/INFO] [net.minecraft.server.MinecraftServer/]: Saving worlds
[10мая2025 06:47:06.790] [Server thread/INFO] [net.minecraft.server.MinecraftServer/]: Saving chunks for level 'ServerLevel[open-beta]'/minecraft:overworld
[10мая2025 06:47:06.911] [Server thread/INFO] [net.minecraft.server.MinecraftServer/]: Saving chunks for level 'ServerLevel[open-beta]'/twilightforest:twilight_forest
[10мая2025 06:47:06.912] [Server thread/INFO] [net.minecraft.server.MinecraftServer/]: Saving chunks for level 'ServerLevel[open-beta]'/divinerpg:wildwood
[10мая2025 06:47:06.914] [Server thread/INFO] [net.minecraft.server.MinecraftServer/]: Saving chunks for level 'ServerLevel[open-beta]'/aether:the_aether
[10мая2025 06:47:06.914] [Server thread/INFO] [net.minecraft.server.MinecraftServer/]: Saving chunks for level 'ServerLevel[open-beta]'/divinerpg:vethea
[10мая2025 06:47:06.915] [Server thread/INFO] [net.minecraft.server.MinecraftServer/]: Saving chunks for level 'ServerLevel[open-beta]'/divinerpg:skythern
[10мая2025 06:47:06.916] [Server thread/INFO] [net.minecraft.server.MinecraftServer/]: Saving chunks for level 'ServerLevel[open-beta]'/divinerpg:eden
[10мая2025 06:47:06.916] [Server thread/INFO] [net.minecraft.server.MinecraftServer/]: Saving chunks for level 'ServerLevel[open-beta]'/minecraft:the_end
[10мая2025 06:47:06.921] [Server thread/INFO] [net.minecraft.server.MinecraftServer/]: Saving chunks for level 'ServerLevel[open-beta]'/divinerpg:iceika
[10мая2025 06:47:06.921] [Server thread/INFO] [net.minecraft.server.MinecraftServer/]: Saving chunks for level 'ServerLevel[open-beta]'/divinerpg:apalachia
[10мая2025 06:47:06.922] [Server thread/INFO] [net.minecraft.server.MinecraftServer/]: Saving chunks for level 'ServerLevel[open-beta]'/divinerpg:arcana
[10мая2025 06:47:06.922] [Server thread/INFO] [net.minecraft.server.MinecraftServer/]: Saving chunks for level 'ServerLevel[open-beta]'/divinerpg:mortum
[10мая2025 06:47:06.923] [Server thread/INFO] [net.minecraft.server.MinecraftServer/]: Saving chunks for level 'ServerLevel[open-beta]'/minecraft:the_nether
[10мая2025 06:47:06.994] [Server thread/INFO] [net.minecraft.server.MinecraftServer/]: ThreadedAnvilChunkStorage (open-beta): All chunks are saved
[10мая2025 06:47:06.994] [Server thread/INFO] [net.minecraft.server.MinecraftServer/]: ThreadedAnvilChunkStorage (twilight_forest): All chunks are saved
[10мая2025 06:47:06.994] [Server thread/INFO] [net.minecraft.server.MinecraftServer/]: ThreadedAnvilChunkStorage (wildwood): All chunks are saved
[10мая2025 06:47:06.994] [Server thread/INFO] [net.minecraft.server.MinecraftServer/]: ThreadedAnvilChunkStorage (the_aether): All chunks are saved
[10мая2025 06:47:06.994] [Server thread/INFO] [net.minecraft.server.MinecraftServer/]: ThreadedAnvilChunkStorage (vethea): All chunks are saved
[10мая2025 06:47:06.994] [Server thread/INFO] [net.minecraft.server.MinecraftServer/]: ThreadedAnvilChunkStorage (skythern): All chunks are saved
[10мая2025 06:47:06.994] [Server thread/INFO] [net.minecraft.server.MinecraftServer/]: ThreadedAnvilChunkStorage (eden): All chunks are saved
[10мая2025 06:47:06.994] [Server thread/INFO] [net.minecraft.server.MinecraftServer/]: ThreadedAnvilChunkStorage (DIM1): All chunks are saved
[10мая2025 06:47:06.994] [Server thread/INFO] [net.minecraft.server.MinecraftServer/]: ThreadedAnvilChunkStorage (iceika): All chunks are saved
[10мая2025 06:47:06.994] [Server thread/INFO] [net.minecraft.server.MinecraftServer/]: ThreadedAnvilChunkStorage (apalachia): All chunks are saved
[10мая2025 06:47:06.994] [Server thread/INFO] [net.minecraft.server.MinecraftServer/]: ThreadedAnvilChunkStorage (arcana): All chunks are saved
[10мая2025 06:47:06.995] [Server thread/INFO] [net.minecraft.server.MinecraftServer/]: ThreadedAnvilChunkStorage (mortum): All chunks are saved
[10мая2025 06:47:06.995] [Server thread/INFO] [net.minecraft.server.MinecraftServer/]: ThreadedAnvilChunkStorage (DIM-1): All chunks are saved
[10мая2025 06:47:06.995] [Server thread/INFO] [net.minecraft.server.MinecraftServer/]: ThreadedAnvilChunkStorage: All dimensions are saved
